This file contains any messages produced by compilers while
running configure, to aid debugging if configure makes a mistake.

It was created by mesos configure 1.10.0, which was
generated by GNU Autoconf 2.69.  Invocation command line was

  $ ../configure 

## --------- ##
## Platform. ##
## --------- ##

hostname = hanshenriksande-iMac
uname -m = x86_64
uname -r = 5.0.0-37-generic
uname -s = Linux
uname -v = #40~18.04.1-Ubuntu SMP Thu Nov 14 12:06:39 UTC 2019

/usr/bin/uname -p = unknown
/bin/uname -X     = unknown

/bin/arch              = unknown
/usr/bin/arch -k       = unknown
/usr/convex/getsysinfo = unknown
/usr/bin/hostinfo      = unknown
/bin/machine           = unknown
/usr/bin/oslevel       = unknown
/bin/universe          = unknown

PATH: /home/hanshenriksande/.local/bin
PATH: /home/hanshenriksande/bin
PATH: /home/hanshenriksande/.local/bin
PATH: /home/hanshenriksande/bin
PATH: /usr/local/sbin
PATH: /usr/local/bin
PATH: /usr/sbin
PATH: /usr/bin
PATH: /sbin
PATH: /bin
PATH: /usr/games
PATH: /usr/local/games
PATH: /snap/bin


## ----------- ##
## Core tests. ##
## ----------- ##

configure:3006: checking build system type
configure:3020: result: x86_64-pc-linux-gnu
configure:3040: checking host system type
configure:3053: result: x86_64-pc-linux-gnu
configure:3074: checking target system type
configure:3087: result: x86_64-pc-linux-gnu
configure:3212: checking for g++
configure:3228: found /usr/bin/g++
configure:3239: result: g++
configure:3266: checking for C++ compiler version
configure:3275: g++ --version >&5
g++ (Ubuntu 7.4.0-1ubuntu1~18.04.1) 7.4.0
Copyright (C) 2017 Free Software Foundation, Inc.
This is free software; see the source for copying conditions.  There is NO
warranty; not even for MERCHANTABILITY or FITNESS FOR A PARTICULAR PURPOSE.

configure:3286: $? = 0
configure:3275: g++ -v >&5
Using built-in specs.
COLLECT_GCC=g++
COLLECT_LTO_WRAPPER=/usr/lib/gcc/x86_64-linux-gnu/7/lto-wrapper
OFFLOAD_TARGET_NAMES=nvptx-none
OFFLOAD_TARGET_DEFAULT=1
Target: x86_64-linux-gnu
Configured with: ../src/configure -v --with-pkgversion='Ubuntu 7.4.0-1ubuntu1~18.04.1' --with-bugurl=file:///usr/share/doc/gcc-7/README.Bugs --enable-languages=c,ada,c++,go,brig,d,fortran,objc,obj-c++ --prefix=/usr --with-gcc-major-version-only --program-suffix=-7 --program-prefix=x86_64-linux-gnu- --enable-shared --enable-linker-build-id --libexecdir=/usr/lib --without-included-gettext --enable-threads=posix --libdir=/usr/lib --enable-nls --with-sysroot=/ --enable-clocale=gnu --enable-libstdcxx-debug --enable-libstdcxx-time=yes --with-default-libstdcxx-abi=new --enable-gnu-unique-object --disable-vtable-verify --enable-libmpx --enable-plugin --enable-default-pie --with-system-zlib --with-target-system-zlib --enable-objc-gc=auto --enable-multiarch --disable-werror --with-arch-32=i686 --with-abi=m64 --with-multilib-list=m32,m64,mx32 --enable-multilib --with-tune=generic --enable-offload-targets=nvptx-none --without-cuda-driver --enable-checking=release --build=x86_64-linux-gnu --host=x86_64-linux-gnu --target=x86_64-linux-gnu
Thread model: posix
gcc version 7.4.0 (Ubuntu 7.4.0-1ubuntu1~18.04.1) 
configure:3286: $? = 0
configure:3275: g++ -V >&5
g++: error: unrecognized command line option '-V'
g++: fatal error: no input files
compilation terminated.
configure:3286: $? = 1
configure:3275: g++ -qversion >&5
g++: error: unrecognized command line option '-qversion'; did you mean '--version'?
g++: fatal error: no input files
compilation terminated.
configure:3286: $? = 1
configure:3306: checking whether the C++ compiler works
configure:3328: g++    conftest.cpp  >&5
configure:3332: $? = 0
configure:3380: result: yes
configure:3383: checking for C++ compiler default output file name
configure:3385: result: a.out
configure:3391: checking for suffix of executables
configure:3398: g++ -o conftest    conftest.cpp  >&5
configure:3402: $? = 0
configure:3424: result: 
configure:3446: checking whether we are cross compiling
configure:3454: g++ -o conftest    conftest.cpp  >&5
configure:3458: $? = 0
configure:3465: ./conftest
configure:3469: $? = 0
configure:3484: result: no
configure:3489: checking for suffix of object files
configure:3511: g++ -c   conftest.cpp >&5
configure:3515: $? = 0
configure:3536: result: o
configure:3540: checking whether we are using the GNU C++ compiler
configure:3559: g++ -c   conftest.cpp >&5
configure:3559: $? = 0
configure:3568: result: yes
configure:3577: checking whether g++ accepts -g
configure:3597: g++ -c -g  conftest.cpp >&5
configure:3597: $? = 0
configure:3638: result: yes
configure:3715: checking for gcc
configure:3731: found /usr/bin/gcc
configure:3742: result: gcc
configure:3773: checking for C compiler version
configure:3782: gcc --version >&5
gcc (Ubuntu 7.4.0-1ubuntu1~18.04.1) 7.4.0
Copyright (C) 2017 Free Software Foundation, Inc.
This is free software; see the source for copying conditions.  There is NO
warranty; not even for MERCHANTABILITY or FITNESS FOR A PARTICULAR PURPOSE.

configure:3793: $? = 0
configure:3782: gcc -v >&5
Using built-in specs.
COLLECT_GCC=gcc
COLLECT_LTO_WRAPPER=/usr/lib/gcc/x86_64-linux-gnu/7/lto-wrapper
OFFLOAD_TARGET_NAMES=nvptx-none
OFFLOAD_TARGET_DEFAULT=1
Target: x86_64-linux-gnu
Configured with: ../src/configure -v --with-pkgversion='Ubuntu 7.4.0-1ubuntu1~18.04.1' --with-bugurl=file:///usr/share/doc/gcc-7/README.Bugs --enable-languages=c,ada,c++,go,brig,d,fortran,objc,obj-c++ --prefix=/usr --with-gcc-major-version-only --program-suffix=-7 --program-prefix=x86_64-linux-gnu- --enable-shared --enable-linker-build-id --libexecdir=/usr/lib --without-included-gettext --enable-threads=posix --libdir=/usr/lib --enable-nls --with-sysroot=/ --enable-clocale=gnu --enable-libstdcxx-debug --enable-libstdcxx-time=yes --with-default-libstdcxx-abi=new --enable-gnu-unique-object --disable-vtable-verify --enable-libmpx --enable-plugin --enable-default-pie --with-system-zlib --with-target-system-zlib --enable-objc-gc=auto --enable-multiarch --disable-werror --with-arch-32=i686 --with-abi=m64 --with-multilib-list=m32,m64,mx32 --enable-multilib --with-tune=generic --enable-offload-targets=nvptx-none --without-cuda-driver --enable-checking=release --build=x86_64-linux-gnu --host=x86_64-linux-gnu --target=x86_64-linux-gnu
Thread model: posix
gcc version 7.4.0 (Ubuntu 7.4.0-1ubuntu1~18.04.1) 
configure:3793: $? = 0
configure:3782: gcc -V >&5
gcc: error: unrecognized command line option '-V'
gcc: fatal error: no input files
compilation terminated.
configure:3793: $? = 1
configure:3782: gcc -qversion >&5
gcc: error: unrecognized command line option '-qversion'; did you mean '--version'?
gcc: fatal error: no input files
compilation terminated.
configure:3793: $? = 1
configure:3797: checking whether we are using the GNU C compiler
configure:3816: gcc -c   conftest.c >&5
configure:3816: $? = 0
configure:3825: result: yes
configure:3834: checking whether gcc accepts -g
configure:3854: gcc -c -g  conftest.c >&5
configure:3854: $? = 0
configure:3895: result: yes
configure:3912: checking for gcc option to accept ISO C89
configure:3975: gcc  -c -g -O2  conftest.c >&5
configure:3975: $? = 0
configure:3988: result: none needed
configure:4016: checking whether gcc understands -c and -o together
configure:4038: gcc -c conftest.c -o conftest2.o
configure:4041: $? = 0
configure:4038: gcc -c conftest.c -o conftest2.o
configure:4041: $? = 0
configure:4053: result: yes
configure:4071: checking whether ln -s works
configure:4075: result: yes
configure:4084: checking for C++ compiler vendor
configure:4131: g++ -c -g -O2  conftest.cpp >&5
conftest.cpp: In function 'int main()':
conftest.cpp:15:9: error: 'thisisanerror' was not declared in this scope
         thisisanerror;
         ^~~~~~~~~~~~~
configure:4131: $? = 1
configure: failed program was:
| /* confdefs.h */
| #define PACKAGE_NAME "mesos"
| #define PACKAGE_TARNAME "mesos"
| #define PACKAGE_VERSION "1.10.0"
| #define PACKAGE_STRING "mesos 1.10.0"
| #define PACKAGE_BUGREPORT ""
| #define PACKAGE_URL ""
| /* end confdefs.h.  */
| 
| int
| main ()
| {
| 
|       #if !(defined(__ICC) || defined(__ECC) || defined(__INTEL_COMPILER))
|         thisisanerror;
|       #endif
| 
|   ;
|   return 0;
| }
configure:4131: g++ -c -g -O2  conftest.cpp >&5
conftest.cpp: In function 'int main()':
conftest.cpp:15:9: error: 'thisisanerror' was not declared in this scope
         thisisanerror;
         ^~~~~~~~~~~~~
configure:4131: $? = 1
configure: failed program was:
| /* confdefs.h */
| #define PACKAGE_NAME "mesos"
| #define PACKAGE_TARNAME "mesos"
| #define PACKAGE_VERSION "1.10.0"
| #define PACKAGE_STRING "mesos 1.10.0"
| #define PACKAGE_BUGREPORT ""
| #define PACKAGE_URL ""
| /* end confdefs.h.  */
| 
| int
| main ()
| {
| 
|       #if !(defined(__xlc__) || defined(__xlC__) || defined(__IBMC__) || defined(__IBMCPP__))
|         thisisanerror;
|       #endif
| 
|   ;
|   return 0;
| }
configure:4131: g++ -c -g -O2  conftest.cpp >&5
conftest.cpp: In function 'int main()':
conftest.cpp:15:9: error: 'thisisanerror' was not declared in this scope
         thisisanerror;
         ^~~~~~~~~~~~~
configure:4131: $? = 1
configure: failed program was:
| /* confdefs.h */
| #define PACKAGE_NAME "mesos"
| #define PACKAGE_TARNAME "mesos"
| #define PACKAGE_VERSION "1.10.0"
| #define PACKAGE_STRING "mesos 1.10.0"
| #define PACKAGE_BUGREPORT ""
| #define PACKAGE_URL ""
| /* end confdefs.h.  */
| 
| int
| main ()
| {
| 
|       #if !(defined(__PATHCC__) || defined(__PATHSCALE__))
|         thisisanerror;
|       #endif
| 
|   ;
|   return 0;
| }
configure:4131: g++ -c -g -O2  conftest.cpp >&5
conftest.cpp: In function 'int main()':
conftest.cpp:15:9: error: 'thisisanerror' was not declared in this scope
         thisisanerror;
         ^~~~~~~~~~~~~
configure:4131: $? = 1
configure: failed program was:
| /* confdefs.h */
| #define PACKAGE_NAME "mesos"
| #define PACKAGE_TARNAME "mesos"
| #define PACKAGE_VERSION "1.10.0"
| #define PACKAGE_STRING "mesos 1.10.0"
| #define PACKAGE_BUGREPORT ""
| #define PACKAGE_URL ""
| /* end confdefs.h.  */
| 
| int
| main ()
| {
| 
|       #if !(defined(__clang__))
|         thisisanerror;
|       #endif
| 
|   ;
|   return 0;
| }
configure:4131: g++ -c -g -O2  conftest.cpp >&5
conftest.cpp: In function 'int main()':
conftest.cpp:15:9: error: 'thisisanerror' was not declared in this scope
         thisisanerror;
         ^~~~~~~~~~~~~
configure:4131: $? = 1
configure: failed program was:
| /* confdefs.h */
| #define PACKAGE_NAME "mesos"
| #define PACKAGE_TARNAME "mesos"
| #define PACKAGE_VERSION "1.10.0"
| #define PACKAGE_STRING "mesos 1.10.0"
| #define PACKAGE_BUGREPORT ""
| #define PACKAGE_URL ""
| /* end confdefs.h.  */
| 
| int
| main ()
| {
| 
|       #if !(defined(_CRAYC))
|         thisisanerror;
|       #endif
| 
|   ;
|   return 0;
| }
configure:4131: g++ -c -g -O2  conftest.cpp >&5
conftest.cpp: In function 'int main()':
conftest.cpp:15:9: error: 'thisisanerror' was not declared in this scope
         thisisanerror;
         ^~~~~~~~~~~~~
configure:4131: $? = 1
configure: failed program was:
| /* confdefs.h */
| #define PACKAGE_NAME "mesos"
| #define PACKAGE_TARNAME "mesos"
| #define PACKAGE_VERSION "1.10.0"
| #define PACKAGE_STRING "mesos 1.10.0"
| #define PACKAGE_BUGREPORT ""
| #define PACKAGE_URL ""
| /* end confdefs.h.  */
| 
| int
| main ()
| {
| 
|       #if !(defined(__FUJITSU))
|         thisisanerror;
|       #endif
| 
|   ;
|   return 0;
| }
configure:4131: g++ -c -g -O2  conftest.cpp >&5
configure:4131: $? = 0
configure:4139: result: gnu
configure:4142: checking for a sed that does not truncate output
configure:4206: result: /bin/sed
configure:4213: checking for C++ compiler version
configure:4435: g++ -o conftest -g -O2   conftest.cpp  >&5
configure:4435: $? = 0
configure:4435: ./conftest
configure:4435: $? = 0
configure:4444: g++ -o conftest -g -O2   conftest.cpp  >&5
configure:4444: $? = 0
configure:4444: ./conftest
configure:4444: $? = 0
configure:4453: g++ -o conftest -g -O2   conftest.cpp  >&5
configure:4453: $? = 0
configure:4453: ./conftest
configure:4453: $? = 0
configure:5118: result: 7.4.0
configure:5121: checking for C++ compiler vendor
configure:5176: result: gnu
configure:5201: checking for a BSD-compatible install
configure:5269: result: /usr/bin/install -c
configure:5280: checking whether build environment is sane
configure:5335: result: yes
configure:5483: checking for a thread-safe mkdir -p
configure:5522: result: /bin/mkdir -p
configure:5529: checking for gawk
configure:5559: result: no
configure:5529: checking for mawk
configure:5545: found /usr/bin/mawk
configure:5556: result: mawk
configure:5567: checking whether make sets $(MAKE)
configure:5589: result: yes
configure:5619: checking for style of include used by make
configure:5647: result: GNU
configure:5681: checking whether make supports nested variables
configure:5698: result: yes
configure:5777: checking how to create a pax tar archive
configure:5788: tar --version
tar (GNU tar) 1.29
Copyright (C) 2015 Free Software Foundation, Inc.
License GPLv3+: GNU GPL version 3 or later <http://gnu.org/licenses/gpl.html>.
This is free software: you are free to change and redistribute it.
There is NO WARRANTY, to the extent permitted by law.

Written by John Gilmore and Jay Fenlason.
configure:5791: $? = 0
configure:5831: tardir=conftest.dir && eval tar --format=posix -chf - "$tardir" >conftest.tar
configure:5834: $? = 0
configure:5838: tar -xf - <conftest.tar
configure:5841: $? = 0
configure:5843: cat conftest.dir/file
GrepMe
configure:5846: $? = 0
configure:5859: result: gnutar
configure:5868: checking dependency style of gcc
configure:5979: result: gcc3
configure:5996: checking dependency style of g++
configure:6107: result: gcc3
configure:6166: checking whether to enable maintainer-specific portions of Makefiles
configure:6175: result: yes
configure:6240: checking for ar
configure:6256: found /usr/bin/ar
configure:6267: result: ar
configure:6293: checking the archiver (ar) interface
configure:6309: gcc -c -g -O2  conftest.c >&5
configure:6309: $? = 0
configure:6311: ar cru libconftest.a conftest.o >&5
ar: `u' modifier ignored since `D' is the default (see `U')
configure:6314: $? = 0
configure:6342: result: ar
configure:6412: checking how to print strings
configure:6439: result: printf
configure:6460: checking for a sed that does not truncate output
configure:6524: result: /bin/sed
configure:6542: checking for grep that handles long lines and -e
configure:6600: result: /bin/grep
configure:6605: checking for egrep
configure:6667: result: /bin/grep -E
configure:6672: checking for fgrep
configure:6734: result: /bin/grep -F
configure:6769: checking for ld used by gcc
configure:6836: result: /usr/bin/ld
configure:6843: checking if the linker (/usr/bin/ld) is GNU ld
configure:6858: result: yes
configure:6870: checking for BSD- or MS-compatible name lister (nm)
configure:6924: result: /usr/bin/nm -B
configure:7054: checking the name lister (/usr/bin/nm -B) interface
configure:7061: g++ -c -g -O2  conftest.cpp >&5
configure:7064: /usr/bin/nm -B "conftest.o"
configure:7067: output
0000000000000000 B some_variable
configure:7074: result: BSD nm
configure:7078: checking the maximum length of command line arguments
configure:7209: result: 1572864
configure:7257: checking how to convert x86_64-pc-linux-gnu file names to x86_64-pc-linux-gnu format
configure:7297: result: func_convert_file_noop
configure:7304: checking how to convert x86_64-pc-linux-gnu file names to toolchain format
configure:7324: result: func_convert_file_noop
configure:7331: checking for /usr/bin/ld option to reload object files
configure:7338: result: -r
configure:7412: checking for objdump
configure:7428: found /usr/bin/objdump
configure:7439: result: objdump
configure:7471: checking how to recognize dependent libraries
configure:7671: result: pass_all
configure:7756: checking for dlltool
configure:7786: result: no
configure:7816: checking how to associate runtime and link libraries
configure:7843: result: printf %s\n
configure:7967: checking for archiver @FILE support
configure:7984: g++ -c -g -O2  conftest.cpp >&5
configure:7984: $? = 0
configure:7987: ar cru libconftest.a @conftest.lst >&5
ar: `u' modifier ignored since `D' is the default (see `U')
configure:7990: $? = 0
configure:7995: ar cru libconftest.a @conftest.lst >&5
ar: `u' modifier ignored since `D' is the default (see `U')
ar: conftest.o: No such file or directory
configure:7998: $? = 1
configure:8010: result: @
configure:8068: checking for strip
configure:8084: found /usr/bin/strip
configure:8095: result: strip
configure:8167: checking for ranlib
configure:8183: found /usr/bin/ranlib
configure:8194: result: ranlib
configure:8296: checking command to parse /usr/bin/nm -B output from gcc object
configure:8449: g++ -c -g -O2  conftest.cpp >&5
configure:8452: $? = 0
configure:8456: /usr/bin/nm -B conftest.o \| sed -n -e 's/^.*[ ]\([ABCDGIRSTW][ABCDGIRSTW]*\)[ ][ ]*\([_A-Za-z][_A-Za-z0-9]*\)$/\1 \2 \2/p' | sed '/ __gnu_lto/d' \> conftest.nm
configure:8459: $? = 0
configure:8525: g++ -o conftest -g -O2   conftest.cpp conftstm.o >&5
configure:8528: $? = 0
configure:8566: result: ok
configure:8613: checking for sysroot
configure:8643: result: no
configure:8650: checking for a working dd
configure:8688: result: /bin/dd
configure:8692: checking how to truncate binary pipes
configure:8707: result: /bin/dd bs=4096 count=1
configure:8843: g++ -c -g -O2  conftest.cpp >&5
configure:8846: $? = 0
configure:9036: checking for mt
configure:9052: found /bin/mt
configure:9063: result: mt
configure:9086: checking if mt is a manifest tool
configure:9092: mt '-?'
configure:9100: result: no
configure:9777: checking how to run the C preprocessor
configure:9808: gcc -E  conftest.c
configure:9808: $? = 0
configure:9822: gcc -E  conftest.c
conftest.c:11:10: fatal error: ac_nonexistent.h: No such file or directory
 #include <ac_nonexistent.h>
          ^~~~~~~~~~~~~~~~~~
compilation terminated.
configure:9822: $? = 1
configure: failed program was:
| /* confdefs.h */
| #define PACKAGE_NAME "mesos"
| #define PACKAGE_TARNAME "mesos"
| #define PACKAGE_VERSION "1.10.0"
| #define PACKAGE_STRING "mesos 1.10.0"
| #define PACKAGE_BUGREPORT ""
| #define PACKAGE_URL ""
| #define PACKAGE "mesos"
| #define VERSION "1.10.0"
| /* end confdefs.h.  */
| #include <ac_nonexistent.h>
configure:9847: result: gcc -E
configure:9867: gcc -E  conftest.c
configure:9867: $? = 0
configure:9881: gcc -E  conftest.c
conftest.c:11:10: fatal error: ac_nonexistent.h: No such file or directory
 #include <ac_nonexistent.h>
          ^~~~~~~~~~~~~~~~~~
compilation terminated.
configure:9881: $? = 1
configure: failed program was:
| /* confdefs.h */
| #define PACKAGE_NAME "mesos"
| #define PACKAGE_TARNAME "mesos"
| #define PACKAGE_VERSION "1.10.0"
| #define PACKAGE_STRING "mesos 1.10.0"
| #define PACKAGE_BUGREPORT ""
| #define PACKAGE_URL ""
| #define PACKAGE "mesos"
| #define VERSION "1.10.0"
| /* end confdefs.h.  */
| #include <ac_nonexistent.h>
configure:9910: checking for ANSI C header files
configure:9930: gcc -c -g -O2  conftest.c >&5
configure:9930: $? = 0
configure:10003: gcc -o conftest -g -O2   conftest.c  >&5
configure:10003: $? = 0
configure:10003: ./conftest
configure:10003: $? = 0
configure:10014: result: yes
configure:10027: checking for sys/types.h
configure:10027: gcc -c -g -O2  conftest.c >&5
configure:10027: $? = 0
configure:10027: result: yes
configure:10027: checking for sys/stat.h
configure:10027: gcc -c -g -O2  conftest.c >&5
configure:10027: $? = 0
configure:10027: result: yes
configure:10027: checking for stdlib.h
configure:10027: gcc -c -g -O2  conftest.c >&5
configure:10027: $? = 0
configure:10027: result: yes
configure:10027: checking for string.h
configure:10027: gcc -c -g -O2  conftest.c >&5
configure:10027: $? = 0
configure:10027: result: yes
configure:10027: checking for memory.h
configure:10027: gcc -c -g -O2  conftest.c >&5
configure:10027: $? = 0
configure:10027: result: yes
configure:10027: checking for strings.h
configure:10027: gcc -c -g -O2  conftest.c >&5
configure:10027: $? = 0
configure:10027: result: yes
configure:10027: checking for inttypes.h
configure:10027: gcc -c -g -O2  conftest.c >&5
configure:10027: $? = 0
configure:10027: result: yes
configure:10027: checking for stdint.h
configure:10027: gcc -c -g -O2  conftest.c >&5
configure:10027: $? = 0
configure:10027: result: yes
configure:10027: checking for unistd.h
configure:10027: gcc -c -g -O2  conftest.c >&5
configure:10027: $? = 0
configure:10027: result: yes
configure:10041: checking for dlfcn.h
configure:10041: gcc -c -g -O2  conftest.c >&5
configure:10041: $? = 0
configure:10041: result: yes
configure:10277: checking for objdir
configure:10292: result: .libs
configure:10556: checking if gcc supports -fno-rtti -fno-exceptions
configure:10574: gcc -c -g -O2  -fno-rtti -fno-exceptions conftest.c >&5
cc1: warning: command line option '-fno-rtti' is valid for C++/ObjC++ but not for C
configure:10578: $? = 0
configure:10591: result: no
configure:10949: checking for gcc option to produce PIC
configure:10956: result: -fPIC -DPIC
configure:10964: checking if gcc PIC flag -fPIC -DPIC works
configure:10982: gcc -c -g -O2  -fPIC -DPIC -DPIC conftest.c >&5
configure:10986: $? = 0
configure:10999: result: yes
configure:11028: checking if gcc static flag -static works
configure:11056: result: yes
configure:11071: checking if gcc supports -c -o file.o
configure:11092: gcc -c -g -O2  -o out/conftest2.o conftest.c >&5
configure:11096: $? = 0
configure:11118: result: yes
configure:11126: checking if gcc supports -c -o file.o
configure:11173: result: yes
configure:11206: checking whether the gcc linker (/usr/bin/ld -m elf_x86_64) supports shared libraries
configure:12465: result: yes
configure:12502: checking whether -lc should be explicitly linked in
configure:12510: gcc -c -g -O2  conftest.c >&5
configure:12513: $? = 0
configure:12528: gcc -shared  -fPIC -DPIC conftest.o  -v -Wl,-soname -Wl,conftest -o conftest 2\>\&1 \| /bin/grep  -lc  \>/dev/null 2\>\&1
configure:12531: $? = 0
configure:12545: result: no
configure:12705: checking dynamic linker characteristics
configure:13286: gcc -o conftest -g -O2   -Wl,-rpath -Wl,/foo conftest.c  >&5
configure:13286: $? = 0
configure:13523: result: GNU/Linux ld.so
configure:13645: checking how to hardcode library paths into programs
configure:13670: result: immediate
configure:14218: checking whether stripping libraries is possible
configure:14223: result: yes
configure:14258: checking if libtool supports shared libraries
configure:14260: result: yes
configure:14263: checking whether to build shared libraries
configure:14288: result: yes
configure:14291: checking whether to build static libraries
configure:14295: result: no
configure:14318: checking how to run the C++ preprocessor
configure:14345: g++ -E  conftest.cpp
configure:14345: $? = 0
configure:14359: g++ -E  conftest.cpp
conftest.cpp:23:10: fatal error: ac_nonexistent.h: No such file or directory
 #include <ac_nonexistent.h>
          ^~~~~~~~~~~~~~~~~~
compilation terminated.
configure:14359: $? = 1
configure: failed program was:
| /* confdefs.h */
| #define PACKAGE_NAME "mesos"
| #define PACKAGE_TARNAME "mesos"
| #define PACKAGE_VERSION "1.10.0"
| #define PACKAGE_STRING "mesos 1.10.0"
| #define PACKAGE_BUGREPORT ""
| #define PACKAGE_URL ""
| #define PACKAGE "mesos"
| #define VERSION "1.10.0"
| #define STDC_HEADERS 1
| #define HAVE_SYS_TYPES_H 1
| #define HAVE_SYS_STAT_H 1
| #define HAVE_STDLIB_H 1
| #define HAVE_STRING_H 1
| #define HAVE_MEMORY_H 1
| #define HAVE_STRINGS_H 1
| #define HAVE_INTTYPES_H 1
| #define HAVE_STDINT_H 1
| #define HAVE_UNISTD_H 1
| #define HAVE_DLFCN_H 1
| #define LT_OBJDIR ".libs/"
| /* end confdefs.h.  */
| #include <ac_nonexistent.h>
configure:14384: result: g++ -E
configure:14404: g++ -E  conftest.cpp
configure:14404: $? = 0
configure:14418: g++ -E  conftest.cpp
conftest.cpp:23:10: fatal error: ac_nonexistent.h: No such file or directory
 #include <ac_nonexistent.h>
          ^~~~~~~~~~~~~~~~~~
compilation terminated.
configure:14418: $? = 1
configure: failed program was:
| /* confdefs.h */
| #define PACKAGE_NAME "mesos"
| #define PACKAGE_TARNAME "mesos"
| #define PACKAGE_VERSION "1.10.0"
| #define PACKAGE_STRING "mesos 1.10.0"
| #define PACKAGE_BUGREPORT ""
| #define PACKAGE_URL ""
| #define PACKAGE "mesos"
| #define VERSION "1.10.0"
| #define STDC_HEADERS 1
| #define HAVE_SYS_TYPES_H 1
| #define HAVE_SYS_STAT_H 1
| #define HAVE_STDLIB_H 1
| #define HAVE_STRING_H 1
| #define HAVE_MEMORY_H 1
| #define HAVE_STRINGS_H 1
| #define HAVE_INTTYPES_H 1
| #define HAVE_STDINT_H 1
| #define HAVE_UNISTD_H 1
| #define HAVE_DLFCN_H 1
| #define LT_OBJDIR ".libs/"
| /* end confdefs.h.  */
| #include <ac_nonexistent.h>
configure:14580: checking for ld used by g++
configure:14647: result: /usr/bin/ld -m elf_x86_64
configure:14654: checking if the linker (/usr/bin/ld -m elf_x86_64) is GNU ld
configure:14669: result: yes
configure:14724: checking whether the g++ linker (/usr/bin/ld -m elf_x86_64) supports shared libraries
configure:15797: result: yes
configure:15833: g++ -c -g -O2  conftest.cpp >&5
configure:15836: $? = 0
configure:16317: checking for g++ option to produce PIC
configure:16324: result: -fPIC -DPIC
configure:16332: checking if g++ PIC flag -fPIC -DPIC works
configure:16350: g++ -c -g -O2  -fPIC -DPIC -DPIC conftest.cpp >&5
configure:16354: $? = 0
configure:16367: result: yes
configure:16390: checking if g++ static flag -static works
configure:16418: result: yes
configure:16430: checking if g++ supports -c -o file.o
configure:16451: g++ -c -g -O2  -o out/conftest2.o conftest.cpp >&5
configure:16455: $? = 0
configure:16477: result: yes
configure:16482: checking if g++ supports -c -o file.o
configure:16529: result: yes
configure:16559: checking whether the g++ linker (/usr/bin/ld -m elf_x86_64) supports shared libraries
configure:16599: result: yes
configure:16740: checking dynamic linker characteristics
configure:17485: result: GNU/Linux ld.so
configure:17550: checking how to hardcode library paths into programs
configure:17575: result: immediate
configure:17638: creating ./config.lt

## ------------------ ##
## Running config.lt. ##
## ------------------ ##
config.lt:683: creating libtool
configure:19859: checking whether to enable GC of unused sections
configure:19861: result: no
configure:20046: Setting up CXXFLAGS for g++ version >= 4.8
configure:20071: checking whether C++ compiler accepts -fstack-protector-strong
configure:20090: g++ -c -g1 -O0 -Wno-unused-local-typedefs  -fstack-protector-strong  conftest.cpp >&5
configure:20090: $? = 0
configure:20098: result: yes
configure:20118: checking whether g++ supports C++11 features by default
configure:20412: g++ -c -g1 -O0 -Wno-unused-local-typedefs  conftest.cpp >&5
configure:20412: $? = 0
configure:20419: result: yes
configure:20429: checking whether g++ supports C++11 features with -std=c++11
configure:20725: g++ -c -g1 -O0 -Wno-unused-local-typedefs -std=c++11  conftest.cpp >&5
configure:20725: $? = 0
configure:20734: result: yes
configure:20792: g++ -c -g1 -O0 -Wno-unused-local-typedefs -std=c++11  conftest.cpp >&5
configure:20792: $? = 0
configure:20979: checking if compiler needs -Werror to reject unknown flags
configure:20995: gcc -c -g1 -O0 -Wno-unused-local-typedefs -Werror -Wunknown-warning-option -Wsizeof-array-argument  conftest.c >&5
gcc: error: unrecognized command line option '-Wunknown-warning-option'
configure:20995: $? = 1
configure: failed program was:
| /* confdefs.h */
| #define PACKAGE_NAME "mesos"
| #define PACKAGE_TARNAME "mesos"
| #define PACKAGE_VERSION "1.10.0"
| #define PACKAGE_STRING "mesos 1.10.0"
| #define PACKAGE_BUGREPORT ""
| #define PACKAGE_URL ""
| #define PACKAGE "mesos"
| #define VERSION "1.10.0"
| #define STDC_HEADERS 1
| #define HAVE_SYS_TYPES_H 1
| #define HAVE_SYS_STAT_H 1
| #define HAVE_STDLIB_H 1
| #define HAVE_STRING_H 1
| #define HAVE_MEMORY_H 1
| #define HAVE_STRINGS_H 1
| #define HAVE_INTTYPES_H 1
| #define HAVE_STDINT_H 1
| #define HAVE_UNISTD_H 1
| #define HAVE_DLFCN_H 1
| #define LT_OBJDIR ".libs/"
| #define HAVE_CXX11 1
| /* end confdefs.h.  */
| int foo();
| int
| main ()
| {
| foo()
|   ;
|   return 0;
| }
configure:21000: result: no
configure:21066: checking for the pthreads library -lpthreads
configure:21104: gcc -o conftest -g1 -O0 -Wno-unused-local-typedefs     conftest.c -lpthreads  >&5
/usr/bin/ld: cannot find -lpthreads
collect2: error: ld returned 1 exit status
configure:21104: $? = 1
configure: failed program was:
| /* confdefs.h */
| #define PACKAGE_NAME "mesos"
| #define PACKAGE_TARNAME "mesos"
| #define PACKAGE_VERSION "1.10.0"
| #define PACKAGE_STRING "mesos 1.10.0"
| #define PACKAGE_BUGREPORT ""
| #define PACKAGE_URL ""
| #define PACKAGE "mesos"
| #define VERSION "1.10.0"
| #define STDC_HEADERS 1
| #define HAVE_SYS_TYPES_H 1
| #define HAVE_SYS_STAT_H 1
| #define HAVE_STDLIB_H 1
| #define HAVE_STRING_H 1
| #define HAVE_MEMORY_H 1
| #define HAVE_STRINGS_H 1
| #define HAVE_INTTYPES_H 1
| #define HAVE_STDINT_H 1
| #define HAVE_UNISTD_H 1
| #define HAVE_DLFCN_H 1
| #define LT_OBJDIR ".libs/"
| #define HAVE_CXX11 1
| /* end confdefs.h.  */
| #include <pthread.h>
|                         static void routine(void *a) { a = 0; }
|                         static void *start_routine(void *a) { return a; }
| int
| main ()
| {
| pthread_t th; pthread_attr_t attr;
|                         pthread_create(&th, 0, start_routine, 0);
|                         pthread_join(th, 0);
|                         pthread_attr_init(&attr);
|                         pthread_cleanup_push(routine, 0);
|                         pthread_cleanup_pop(0) /* ; */
|   ;
|   return 0;
| }
configure:21113: result: no
configure:21011: checking whether pthreads work without any flags
configure:21104: gcc -o conftest -g1 -O0 -Wno-unused-local-typedefs     conftest.c   >&5
/tmp/ccNHzvCT.o: In function `main':
/home/hanshenriksande/Master/mesos/build/conftest.c:31: undefined reference to `pthread_create'
/home/hanshenriksande/Master/mesos/build/conftest.c:32: undefined reference to `pthread_join'
/home/hanshenriksande/Master/mesos/build/conftest.c:34: undefined reference to `__pthread_register_cancel'
/home/hanshenriksande/Master/mesos/build/conftest.c:35: undefined reference to `__pthread_unregister_cancel'
collect2: error: ld returned 1 exit status
configure:21104: $? = 1
configure: failed program was:
| /* confdefs.h */
| #define PACKAGE_NAME "mesos"
| #define PACKAGE_TARNAME "mesos"
| #define PACKAGE_VERSION "1.10.0"
| #define PACKAGE_STRING "mesos 1.10.0"
| #define PACKAGE_BUGREPORT ""
| #define PACKAGE_URL ""
| #define PACKAGE "mesos"
| #define VERSION "1.10.0"
| #define STDC_HEADERS 1
| #define HAVE_SYS_TYPES_H 1
| #define HAVE_SYS_STAT_H 1
| #define HAVE_STDLIB_H 1
| #define HAVE_STRING_H 1
| #define HAVE_MEMORY_H 1
| #define HAVE_STRINGS_H 1
| #define HAVE_INTTYPES_H 1
| #define HAVE_STDINT_H 1
| #define HAVE_UNISTD_H 1
| #define HAVE_DLFCN_H 1
| #define LT_OBJDIR ".libs/"
| #define HAVE_CXX11 1
| /* end confdefs.h.  */
| #include <pthread.h>
|                         static void routine(void *a) { a = 0; }
|                         static void *start_routine(void *a) { return a; }
| int
| main ()
| {
| pthread_t th; pthread_attr_t attr;
|                         pthread_create(&th, 0, start_routine, 0);
|                         pthread_join(th, 0);
|                         pthread_attr_init(&attr);
|                         pthread_cleanup_push(routine, 0);
|                         pthread_cleanup_pop(0) /* ; */
|   ;
|   return 0;
| }
configure:21113: result: no
configure:21016: checking whether pthreads work with -Kthread
configure:21104: gcc -o conftest -g1 -O0 -Wno-unused-local-typedefs -Kthread    conftest.c   >&5
gcc: error: unrecognized command line option '-Kthread'; did you mean '-pthread'?
configure:21104: $? = 1
configure: failed program was:
| /* confdefs.h */
| #define PACKAGE_NAME "mesos"
| #define PACKAGE_TARNAME "mesos"
| #define PACKAGE_VERSION "1.10.0"
| #define PACKAGE_STRING "mesos 1.10.0"
| #define PACKAGE_BUGREPORT ""
| #define PACKAGE_URL ""
| #define PACKAGE "mesos"
| #define VERSION "1.10.0"
| #define STDC_HEADERS 1
| #define HAVE_SYS_TYPES_H 1
| #define HAVE_SYS_STAT_H 1
| #define HAVE_STDLIB_H 1
| #define HAVE_STRING_H 1
| #define HAVE_MEMORY_H 1
| #define HAVE_STRINGS_H 1
| #define HAVE_INTTYPES_H 1
| #define HAVE_STDINT_H 1
| #define HAVE_UNISTD_H 1
| #define HAVE_DLFCN_H 1
| #define LT_OBJDIR ".libs/"
| #define HAVE_CXX11 1
| /* end confdefs.h.  */
| #include <pthread.h>
|                         static void routine(void *a) { a = 0; }
|                         static void *start_routine(void *a) { return a; }
| int
| main ()
| {
| pthread_t th; pthread_attr_t attr;
|                         pthread_create(&th, 0, start_routine, 0);
|                         pthread_join(th, 0);
|                         pthread_attr_init(&attr);
|                         pthread_cleanup_push(routine, 0);
|                         pthread_cleanup_pop(0) /* ; */
|   ;
|   return 0;
| }
configure:21113: result: no
configure:21016: checking whether pthreads work with -kthread
configure:21104: gcc -o conftest -g1 -O0 -Wno-unused-local-typedefs -kthread    conftest.c   >&5
gcc: error: unrecognized command line option '-kthread'; did you mean '-pthread'?
configure:21104: $? = 1
configure: failed program was:
| /* confdefs.h */
| #define PACKAGE_NAME "mesos"
| #define PACKAGE_TARNAME "mesos"
| #define PACKAGE_VERSION "1.10.0"
| #define PACKAGE_STRING "mesos 1.10.0"
| #define PACKAGE_BUGREPORT ""
| #define PACKAGE_URL ""
| #define PACKAGE "mesos"
| #define VERSION "1.10.0"
| #define STDC_HEADERS 1
| #define HAVE_SYS_TYPES_H 1
| #define HAVE_SYS_STAT_H 1
| #define HAVE_STDLIB_H 1
| #define HAVE_STRING_H 1
| #define HAVE_MEMORY_H 1
| #define HAVE_STRINGS_H 1
| #define HAVE_INTTYPES_H 1
| #define HAVE_STDINT_H 1
| #define HAVE_UNISTD_H 1
| #define HAVE_DLFCN_H 1
| #define LT_OBJDIR ".libs/"
| #define HAVE_CXX11 1
| /* end confdefs.h.  */
| #include <pthread.h>
|                         static void routine(void *a) { a = 0; }
|                         static void *start_routine(void *a) { return a; }
| int
| main ()
| {
| pthread_t th; pthread_attr_t attr;
|                         pthread_create(&th, 0, start_routine, 0);
|                         pthread_join(th, 0);
|                         pthread_attr_init(&attr);
|                         pthread_cleanup_push(routine, 0);
|                         pthread_cleanup_pop(0) /* ; */
|   ;
|   return 0;
| }
configure:21113: result: no
configure:21066: checking for the pthreads library -llthread
configure:21104: gcc -o conftest -g1 -O0 -Wno-unused-local-typedefs     conftest.c -llthread  >&5
/usr/bin/ld: cannot find -llthread
collect2: error: ld returned 1 exit status
configure:21104: $? = 1
configure: failed program was:
| /* confdefs.h */
| #define PACKAGE_NAME "mesos"
| #define PACKAGE_TARNAME "mesos"
| #define PACKAGE_VERSION "1.10.0"
| #define PACKAGE_STRING "mesos 1.10.0"
| #define PACKAGE_BUGREPORT ""
| #define PACKAGE_URL ""
| #define PACKAGE "mesos"
| #define VERSION "1.10.0"
| #define STDC_HEADERS 1
| #define HAVE_SYS_TYPES_H 1
| #define HAVE_SYS_STAT_H 1
| #define HAVE_STDLIB_H 1
| #define HAVE_STRING_H 1
| #define HAVE_MEMORY_H 1
| #define HAVE_STRINGS_H 1
| #define HAVE_INTTYPES_H 1
| #define HAVE_STDINT_H 1
| #define HAVE_UNISTD_H 1
| #define HAVE_DLFCN_H 1
| #define LT_OBJDIR ".libs/"
| #define HAVE_CXX11 1
| /* end confdefs.h.  */
| #include <pthread.h>
|                         static void routine(void *a) { a = 0; }
|                         static void *start_routine(void *a) { return a; }
| int
| main ()
| {
| pthread_t th; pthread_attr_t attr;
|                         pthread_create(&th, 0, start_routine, 0);
|                         pthread_join(th, 0);
|                         pthread_attr_init(&attr);
|                         pthread_cleanup_push(routine, 0);
|                         pthread_cleanup_pop(0) /* ; */
|   ;
|   return 0;
| }
configure:21113: result: no
configure:21016: checking whether pthreads work with -pthread
configure:21104: gcc -o conftest -g1 -O0 -Wno-unused-local-typedefs -pthread    conftest.c   >&5
configure:21104: $? = 0
configure:21113: result: yes
configure:21132: checking for joinable pthread attribute
configure:21147: gcc -o conftest -g1 -O0 -Wno-unused-local-typedefs -pthread   conftest.c   >&5
configure:21147: $? = 0
configure:21153: result: PTHREAD_CREATE_JOINABLE
configure:21163: checking if more special flags are required for pthreads
configure:21178: result: no
configure:21184: checking for PTHREAD_PRIO_INHERIT
configure:21201: gcc -o conftest -g1 -O0 -Wno-unused-local-typedefs -pthread   conftest.c   >&5
configure:21201: $? = 0
configure:21210: result: yes
configure:21327: Setting up build environment for x86_64 linux-gnu
configure:21472: checking for backtrace in -lunwind
configure:21497: g++ -o conftest -g1 -O0 -Wno-unused-local-typedefs -std=c++11   conftest.cpp -lunwind   -lrt >&5
/usr/bin/ld: cannot find -lunwind
collect2: error: ld returned 1 exit status
configure:21497: $? = 1
configure: failed program was:
| /* confdefs.h */
| #define PACKAGE_NAME "mesos"
| #define PACKAGE_TARNAME "mesos"
| #define PACKAGE_VERSION "1.10.0"
| #define PACKAGE_STRING "mesos 1.10.0"
| #define PACKAGE_BUGREPORT ""
| #define PACKAGE_URL ""
| #define PACKAGE "mesos"
| #define VERSION "1.10.0"
| #define STDC_HEADERS 1
| #define HAVE_SYS_TYPES_H 1
| #define HAVE_SYS_STAT_H 1
| #define HAVE_STDLIB_H 1
| #define HAVE_STRING_H 1
| #define HAVE_MEMORY_H 1
| #define HAVE_STRINGS_H 1
| #define HAVE_INTTYPES_H 1
| #define HAVE_STDINT_H 1
| #define HAVE_UNISTD_H 1
| #define HAVE_DLFCN_H 1
| #define LT_OBJDIR ".libs/"
| #define HAVE_CXX11 1
| #define HAVE_PTHREAD_PRIO_INHERIT 1
| #define HAVE_PTHREAD 1
| /* end confdefs.h.  */
| 
| /* Override any GCC internal prototype to avoid an error.
|    Use char because int might match the return type of a GCC
|    builtin and then its argument prototype would still apply.  */
| #ifdef __cplusplus
| extern "C"
| #endif
| char backtrace ();
| int
| main ()
| {
| return backtrace ();
|   ;
|   return 0;
| }
configure:21506: result: no
configure:21533: checking for RAND_poll in -lcrypto
configure:21558: g++ -o conftest -g1 -O0 -Wno-unused-local-typedefs -std=c++11   conftest.cpp -lcrypto   -lrt >&5
configure:21558: $? = 0
configure:21567: result: yes
configure:21577: checking openssl/ssl.h usability
configure:21577: g++ -c -g1 -O0 -Wno-unused-local-typedefs -std=c++11  conftest.cpp >&5
configure:21577: $? = 0
configure:21577: result: yes
configure:21577: checking openssl/ssl.h presence
configure:21577: g++ -E  conftest.cpp
configure:21577: $? = 0
configure:21577: result: yes
configure:21577: checking for openssl/ssl.h
configure:21577: result: yes
configure:21582: checking for SSL_CTX_new in -lssl
configure:21607: g++ -o conftest -g1 -O0 -Wno-unused-local-typedefs -std=c++11   conftest.cpp -lssl -lcrypto  -lrt >&5
configure:21607: $? = 0
configure:21616: result: yes
configure:21665: checking for main in -lgflags
configure:21684: g++ -o conftest -g1 -O0 -Wno-unused-local-typedefs -std=c++11   conftest.cpp -lgflags   -lrt >&5
/usr/bin/ld: cannot find -lgflags
collect2: error: ld returned 1 exit status
configure:21684: $? = 1
configure: failed program was:
| /* confdefs.h */
| #define PACKAGE_NAME "mesos"
| #define PACKAGE_TARNAME "mesos"
| #define PACKAGE_VERSION "1.10.0"
| #define PACKAGE_STRING "mesos 1.10.0"
| #define PACKAGE_BUGREPORT ""
| #define PACKAGE_URL ""
| #define PACKAGE "mesos"
| #define VERSION "1.10.0"
| #define STDC_HEADERS 1
| #define HAVE_SYS_TYPES_H 1
| #define HAVE_SYS_STAT_H 1
| #define HAVE_STDLIB_H 1
| #define HAVE_STRING_H 1
| #define HAVE_MEMORY_H 1
| #define HAVE_STRINGS_H 1
| #define HAVE_INTTYPES_H 1
| #define HAVE_STDINT_H 1
| #define HAVE_UNISTD_H 1
| #define HAVE_DLFCN_H 1
| #define LT_OBJDIR ".libs/"
| #define HAVE_CXX11 1
| #define HAVE_PTHREAD_PRIO_INHERIT 1
| #define HAVE_PTHREAD 1
| #define HAVE_OPENSSL_SSL_H 1
| /* end confdefs.h.  */
| 
| 
| int
| main ()
| {
| return main ();
|   ;
|   return 0;
| }
configure:21693: result: no
configure:21748: checking for patch
configure:21764: found /usr/bin/patch
configure:21775: result: patch
configure:21806: checking fts.h usability
configure:21806: g++ -c -g1 -O0 -Wno-unused-local-typedefs -std=c++11  conftest.cpp >&5
configure:21806: $? = 0
configure:21806: result: yes
configure:21806: checking fts.h presence
configure:21806: g++ -E  conftest.cpp
configure:21806: $? = 0
configure:21806: result: yes
configure:21806: checking for fts.h
configure:21806: result: yes
configure:21824: checking for library containing fts_close
configure:21855: g++ -o conftest -g1 -O0 -Wno-unused-local-typedefs -std=c++11   conftest.cpp  -lrt >&5
configure:21855: $? = 0
configure:21872: result: none required
configure:21922: checking apr_pools.h usability
configure:21922: g++ -c -g1 -O0 -Wno-unused-local-typedefs -std=c++11 -I/usr/include/apr-1 -I/usr/include/apr-1.0	       conftest.cpp >&5
configure:21922: $? = 0
configure:21922: result: yes
configure:21922: checking apr_pools.h presence
configure:21922: g++ -E -I/usr/include/apr-1 -I/usr/include/apr-1.0	       conftest.cpp
configure:21922: $? = 0
configure:21922: result: yes
configure:21922: checking for apr_pools.h
configure:21922: result: yes
configure:21927: checking for apr_initialize in -lapr-1
configure:21952: g++ -o conftest -g1 -O0 -Wno-unused-local-typedefs -std=c++11 -I/usr/include/apr-1 -I/usr/include/apr-1.0	        conftest.cpp -lapr-1   -lrt >&5
configure:21952: $? = 0
configure:21961: result: yes
configure:22099: checking for curl_global_init in -lcurl
configure:22124: g++ -o conftest -g1 -O0 -Wno-unused-local-typedefs -std=c++11 -I/usr/include/apr-1 -I/usr/include/apr-1.0	        conftest.cpp -lcurl  -lapr-1  -lrt >&5
configure:22124: $? = 0
configure:22133: result: yes
configure:22605: checking for javac
configure:22623: found /usr/bin/javac
configure:22636: result: /usr/bin/javac
configure:22646: checking for java
configure:22664: found /usr/bin/java
configure:22677: result: /usr/bin/java
configure:22690: checking value of Java system property 'java.home'
configure:22704: result: /usr/lib/jvm/java-8-openjdk-amd64/jre
configure:22726: using JAVA_HOME=/usr/lib/jvm/java-8-openjdk-amd64
configure:22773: checking whether or not we can build with JNI
libtool: link: g++ -Wall -Werror -I/usr/lib/jvm/java-8-openjdk-amd64/include -I/usr/lib/jvm/java-8-openjdk-amd64/include/linux -o conftest conftest.cpp -Wl,-ljvm  -L/usr/lib/jvm/java-8-openjdk-amd64/jre/lib/amd64/server -Wl,-rpath -Wl,/usr/lib/jvm/java-8-openjdk-amd64/jre/lib/amd64/server
configure:22896: result: yes
configure:22923: checking for mvn
configure:22941: found /usr/bin/mvn
configure:22954: result: /usr/bin/mvn
configure:23041: checking for javah
configure:23059: found /usr/lib/jvm/java-8-openjdk-amd64/bin/javah
configure:23072: result: /usr/lib/jvm/java-8-openjdk-amd64/bin/javah
configure:23186: checking whether to enable launcher sealing
configure:23188: result: no
configure:23591: checking whether to enable the Seccomp isolator
configure:23597: result: no
configure:24680: checking for sasl_done in -lsasl2
configure:24705: g++ -o conftest -g1 -O0 -Wno-unused-local-typedefs -std=c++11 -I/usr/include/apr-1 -I/usr/include/apr-1.0	        conftest.cpp -lsasl2  -lcurl -lapr-1  -lrt >&5
configure:24705: $? = 0
configure:24714: result: yes
configure:24732: checking SASL CRAM-MD5 support
configure:24801: result: yes
configure:24878: checking svn_version.h usability
configure:24878: g++ -c -g1 -O0 -Wno-unused-local-typedefs -std=c++11 -I/usr/include/subversion-1 -I/usr/include/apr-1 -I/usr/include/apr-1.0	       conftest.cpp >&5
configure:24878: $? = 0
configure:24878: result: yes
configure:24878: checking svn_version.h presence
configure:24878: g++ -E -I/usr/include/subversion-1 -I/usr/include/apr-1 -I/usr/include/apr-1.0	       conftest.cpp
configure:24878: $? = 0
configure:24878: result: yes
configure:24878: checking for svn_version.h
configure:24878: result: yes
configure:24883: checking for svn_stringbuf_create_ensure in -lsvn_subr-1
configure:24908: g++ -o conftest -g1 -O0 -Wno-unused-local-typedefs -std=c++11 -I/usr/include/subversion-1 -I/usr/include/apr-1 -I/usr/include/apr-1.0	        conftest.cpp -lsvn_subr-1  -lsasl2 -lcurl -lapr-1  -lrt >&5
configure:24908: $? = 0
configure:24917: result: yes
configure:24947: checking svn_delta.h usability
configure:24947: g++ -c -g1 -O0 -Wno-unused-local-typedefs -std=c++11 -I/usr/include/subversion-1 -I/usr/include/apr-1 -I/usr/include/apr-1.0	       conftest.cpp >&5
configure:24947: $? = 0
configure:24947: result: yes
configure:24947: checking svn_delta.h presence
configure:24947: g++ -E -I/usr/include/subversion-1 -I/usr/include/apr-1 -I/usr/include/apr-1.0	       conftest.cpp
configure:24947: $? = 0
configure:24947: result: yes
configure:24947: checking for svn_delta.h
configure:24947: result: yes
configure:24952: checking for svn_txdelta in -lsvn_delta-1
configure:24977: g++ -o conftest -g1 -O0 -Wno-unused-local-typedefs -std=c++11 -I/usr/include/subversion-1 -I/usr/include/apr-1 -I/usr/include/apr-1.0	        conftest.cpp -lsvn_delta-1  -lsvn_subr-1 -lsasl2 -lcurl -lapr-1  -lrt >&5
configure:24977: $? = 0
configure:24986: result: yes
configure:25015: checking whether to enable the XFS disk isolator
configure:25021: result: no
configure:25188: checking zlib.h usability
configure:25188: g++ -c -g1 -O0 -Wno-unused-local-typedefs -std=c++11 -I/usr/include/subversion-1 -I/usr/include/apr-1 -I/usr/include/apr-1.0	       conftest.cpp >&5
configure:25188: $? = 0
configure:25188: result: yes
configure:25188: checking zlib.h presence
configure:25188: g++ -E -I/usr/include/subversion-1 -I/usr/include/apr-1 -I/usr/include/apr-1.0	       conftest.cpp
configure:25188: $? = 0
configure:25188: result: yes
configure:25188: checking for zlib.h
configure:25188: result: yes
configure:25193: checking for deflate, gzread, gzwrite, inflate in -lz
configure:25218: g++ -o conftest -g1 -O0 -Wno-unused-local-typedefs -std=c++11 -I/usr/include/subversion-1 -I/usr/include/apr-1 -I/usr/include/apr-1.0	        conftest.cpp -lz  -lsvn_delta-1 -lsvn_subr-1 -lsasl2 -lcurl -lapr-1  -lrt >&5
configure:25218: $? = 0
configure:25227: result: yes
configure:25574: checking C++ standard library for undefined behaviour with selected optimization level
configure:25610: g++ -o conftest -g1 -O0 -Wno-unused-local-typedefs -std=c++11 -I/usr/include/subversion-1 -I/usr/include/apr-1 -I/usr/include/apr-1.0	        conftest.cpp  >&5
configure:25610: $? = 0
configure:25610: ./conftest
configure:25610: $? = 0
configure:25612: result: no
configure:25678: checking for python
configure:25696: found /usr/bin/python
configure:25708: result: /usr/bin/python
configure:25729: checking for python version
configure:25736: result: 2.7
configure:25748: checking for python platform
configure:25755: result: linux2
configure:25781: checking for python script directory
configure:25816: result: ${prefix}/lib/python2.7/dist-packages
configure:25825: checking for python extension module directory
configure:25860: result: ${exec_prefix}/lib/python2.7/dist-packages
configure:25888: /usr/bin/python -c import sys # split strings by '.' and convert to numeric. Append some zeros # because we need at least 4 digits for the hex conversion. # map returns an iterator in Python 3.0 and a list in 2.x minver = list(map(int, '2.6'.split('.'))) + [0, 0, 0] minverhex = 0 # xrange is not present in Python 3.0 and range returns an iterator for i in list(range(0, 4)): minverhex = (minverhex << 8) + minver[i] sys.exit(sys.hexversion < minverhex)
configure:25891: $? = 0
configure:25915: /usr/bin/python -c import sys # split strings by '.' and convert to numeric. Append some zeros # because we need at least 4 digits for the hex conversion. # map returns an iterator in Python 3.0 and a list in 2.x minver = list(map(int, '3.0'.split('.'))) + [0, 0, 0] minverhex = 0 # xrange is not present in Python 3.0 and range returns an iterator for i in list(range(0, 4)): minverhex = (minverhex << 8) + minver[i] sys.exit(sys.hexversion < minverhex)
configure:25918: $? = 1
configure:26037: checking for python2.7
configure:26067: result: /usr/bin/python
configure:26083: checking for a version of Python >= '2.1.0'
configure:26109: result: yes
configure:26117: checking for a version of Python >= '2.6'
configure:26123: result: yes
configure:26140: checking for the distutils Python package
configure:26144: result: yes
configure:26158: checking for Python include path
configure:26174: result: -I/usr/include/python2.7
configure:26181: checking for Python library path
configure:26258: result: -L/usr/lib -lpython2.7
configure:26265: checking for Python site-packages path
configure:26271: result: /usr/lib/python2.7/dist-packages
configure:26278: checking python extra libraries
configure:26285: result: -lpthread -ldl  -lutil -lm
configure:26292: checking python extra linking flags
configure:26299: result: -Xlinker -export-dynamic -Wl,-O1 -Wl,-Bsymbolic-functions
configure:26306: checking consistency of all components of python development environment
configure:26332: gcc -o conftest -g1 -O0 -Wno-unused-local-typedefs -I/usr/include/subversion-1 -I/usr/include/apr-1 -I/usr/include/apr-1.0	       -I/usr/include/python2.7  conftest.c -lz -lsvn_delta-1 -lsvn_subr-1 -lsasl2 -lcurl -lapr-1  -lrt -L/usr/lib -lpython2.7 -Xlinker -export-dynamic -Wl,-O1 -Wl,-Bsymbolic-functions -lpthread -ldl  -lutil -lm >&5
configure:26332: $? = 0
configure:26349: result: yes
configure:26378: checking whether we can build usable Python eggs
configure:26453: result: yes
configure:26484: checking for an old installation of the Mesos egg (before 0.20.0)
configure:26496: result: no
configure:26752: checking whether to enable new CLI
configure:26758: result: no
configure:26854: checking src/common/git_version.hpp presence
configure:26858: result: yes
configure:27062: checking that generated files are newer than configure
configure:27068: result: done
configure:27299: creating ./config.status

## ---------------------- ##
## Running config.status. ##
## ---------------------- ##

This file was extended by mesos config.status 1.10.0, which was
generated by GNU Autoconf 2.69.  Invocation command line was

  CONFIG_FILES    = 
  CONFIG_HEADERS  = 
  CONFIG_LINKS    = 
  CONFIG_COMMANDS = 
  $ ./config.status 

on hanshenriksande-iMac

config.status:1313: creating Makefile
config.status:1313: creating mesos.pc
config.status:1313: creating src/Makefile
config.status:1313: creating 3rdparty/Makefile
config.status:1313: creating 3rdparty/libprocess/Makefile
config.status:1313: creating 3rdparty/libprocess/include/Makefile
config.status:1313: creating 3rdparty/stout/Makefile
config.status:1313: creating 3rdparty/stout/include/Makefile
config.status:1313: creating 3rdparty/gmock_sources.cc
config.status:1313: creating src/testManifest.json
config.status:1313: creating bin/mesos.sh
config.status:1313: creating bin/mesos-agent.sh
config.status:1313: creating bin/mesos-local.sh
config.status:1313: creating bin/mesos-master.sh
config.status:1313: creating bin/mesos-slave.sh
config.status:1313: creating bin/mesos-tests.sh
config.status:1313: creating bin/mesos-agent-flags.sh
config.status:1313: creating bin/mesos-local-flags.sh
config.status:1313: creating bin/mesos-master-flags.sh
config.status:1313: creating bin/mesos-slave-flags.sh
config.status:1313: creating bin/mesos-tests-flags.sh
config.status:1313: creating bin/gdb-mesos-agent.sh
config.status:1313: creating bin/gdb-mesos-local.sh
config.status:1313: creating bin/gdb-mesos-master.sh
config.status:1313: creating bin/gdb-mesos-slave.sh
config.status:1313: creating bin/gdb-mesos-tests.sh
config.status:1313: creating bin/lldb-mesos-agent.sh
config.status:1313: creating bin/lldb-mesos-local.sh
config.status:1313: creating bin/lldb-mesos-master.sh
config.status:1313: creating bin/lldb-mesos-slave.sh
config.status:1313: creating bin/lldb-mesos-tests.sh
config.status:1313: creating bin/valgrind-mesos-agent.sh
config.status:1313: creating bin/valgrind-mesos-local.sh
config.status:1313: creating bin/valgrind-mesos-master.sh
config.status:1313: creating bin/valgrind-mesos-slave.sh
config.status:1313: creating bin/valgrind-mesos-tests.sh
config.status:1313: creating src/deploy/mesos-daemon.sh
config.status:1313: creating src/deploy/mesos-start-agents.sh
config.status:1313: creating src/deploy/mesos-start-cluster.sh
config.status:1313: creating src/deploy/mesos-start-masters.sh
config.status:1313: creating src/deploy/mesos-start-slaves.sh
config.status:1313: creating src/deploy/mesos-stop-agents.sh
config.status:1313: creating src/deploy/mesos-stop-cluster.sh
config.status:1313: creating src/deploy/mesos-stop-masters.sh
config.status:1313: creating src/deploy/mesos-stop-slaves.sh
config.status:1313: creating include/mesos/version.hpp
config.status:1313: creating src/java/generated/org/apache/mesos/MesosNativeLibrary.java
config.status:1313: creating mpi/mpiexec-mesos
config.status:1313: creating src/examples/java/test-exception-framework
config.status:1313: creating src/examples/java/test-executor
config.status:1313: creating src/examples/java/test-framework
config.status:1313: creating src/examples/java/test-multiple-executors-framework
config.status:1313: creating src/examples/java/test-log
config.status:1313: creating src/examples/java/v1-test-framework
config.status:1313: creating src/java/mesos.pom
config.status:1313: creating src/examples/python/test-executor
config.status:1313: creating src/examples/python/test-framework
config.status:1313: creating src/python/setup.py
config.status:1313: creating src/python/cli/setup.py
config.status:1313: creating src/python/interface/setup.py
config.status:1313: creating src/python/native_common/ext_modules.py
config.status:1313: creating src/python/executor/setup.py
config.status:1313: creating src/python/native/setup.py
config.status:1313: creating src/python/scheduler/setup.py
config.status:1482: linking src/python/native_common/ext_modules.py to src/python/executor/ext_modules.py
config.status:1482: linking src/python/native_common/ext_modules.py to src/python/scheduler/ext_modules.py
config.status:1501: executing depfiles commands
config.status:1501: executing libtool commands
configure:29676: Build option summary:
    CXX:        g++
    CXXFLAGS:   -g1 -O0 -Wno-unused-local-typedefs -std=c++11
    CPPFLAGS:   -I/usr/include/subversion-1 -I/usr/include/apr-1 -I/usr/include/apr-1.0	      
    LDFLAGS:    
    LIBS:       -lz -lsvn_delta-1 -lsvn_subr-1 -lsasl2 -lcurl -lapr-1  -lrt
    JAVA_TEST_LDFLAGS: -L/usr/lib/jvm/java-8-openjdk-amd64/jre/lib/amd64/server -R/usr/lib/jvm/java-8-openjdk-amd64/jre/lib/amd64/server -Wl,-ljvm
    JAVA_JVM_LIBRARY:  /usr/lib/jvm/java-8-openjdk-amd64/jre/lib/amd64/server/libjvm.so


## ---------------- ##
## Cache variables. ##
## ---------------- ##

ac_cv_build=x86_64-pc-linux-gnu
ac_cv_c_compiler_gnu=yes
ac_cv_cxx_compiler_gnu=yes
ac_cv_env_CCC_set=
ac_cv_env_CCC_value=
ac_cv_env_CC_set=
ac_cv_env_CC_value=
ac_cv_env_CFLAGS_set=
ac_cv_env_CFLAGS_value=
ac_cv_env_CPPFLAGS_set=
ac_cv_env_CPPFLAGS_value=
ac_cv_env_CPP_set=
ac_cv_env_CPP_value=
ac_cv_env_CXXCPP_set=
ac_cv_env_CXXCPP_value=
ac_cv_env_CXXFLAGS_set=
ac_cv_env_CXXFLAGS_value=
ac_cv_env_CXX_set=
ac_cv_env_CXX_value=
ac_cv_env_JAVA_CPPFLAGS_set=
ac_cv_env_JAVA_CPPFLAGS_value=
ac_cv_env_JAVA_HOME_set=
ac_cv_env_JAVA_HOME_value=
ac_cv_env_JAVA_JVM_LIBRARY_set=
ac_cv_env_JAVA_JVM_LIBRARY_value=
ac_cv_env_LDFLAGS_set=
ac_cv_env_LDFLAGS_value=
ac_cv_env_LIBS_set=
ac_cv_env_LIBS_value=
ac_cv_env_LT_SYS_LIBRARY_PATH_set=
ac_cv_env_LT_SYS_LIBRARY_PATH_value=
ac_cv_env_MAVEN_HOME_set=
ac_cv_env_MAVEN_HOME_value=
ac_cv_env_PROTOBUF_JAR_set=
ac_cv_env_PROTOBUF_JAR_value=
ac_cv_env_PYTHON_3_set=
ac_cv_env_PYTHON_3_value=
ac_cv_env_PYTHON_VERSION_set=
ac_cv_env_PYTHON_VERSION_value=
ac_cv_env_PYTHON_set=
ac_cv_env_PYTHON_value=
ac_cv_env_TEST_DRIVER_set=
ac_cv_env_TEST_DRIVER_value=
ac_cv_env_build_alias_set=
ac_cv_env_build_alias_value=
ac_cv_env_host_alias_set=
ac_cv_env_host_alias_value=
ac_cv_env_target_alias_set=
ac_cv_env_target_alias_value=
ac_cv_header_apr_pools_h=yes
ac_cv_header_dlfcn_h=yes
ac_cv_header_fts_h=yes
ac_cv_header_inttypes_h=yes
ac_cv_header_memory_h=yes
ac_cv_header_openssl_ssl_h=yes
ac_cv_header_stdc=yes
ac_cv_header_stdint_h=yes
ac_cv_header_stdlib_h=yes
ac_cv_header_string_h=yes
ac_cv_header_strings_h=yes
ac_cv_header_svn_delta_h=yes
ac_cv_header_svn_version_h=yes
ac_cv_header_sys_stat_h=yes
ac_cv_header_sys_types_h=yes
ac_cv_header_unistd_h=yes
ac_cv_header_zlib_h=yes
ac_cv_host=x86_64-pc-linux-gnu
ac_cv_lib_apr_1_apr_initialize=yes
ac_cv_lib_crypto_RAND_poll=yes
ac_cv_lib_curl_curl_global_init=yes
ac_cv_lib_gflags_main=no
ac_cv_lib_sasl2_sasl_done=yes
ac_cv_lib_ssl_SSL_CTX_new=yes
ac_cv_lib_svn_delta_1_svn_txdelta=yes
ac_cv_lib_svn_subr_1_svn_stringbuf_create_ensure=yes
ac_cv_lib_unwind_backtrace=no
ac_cv_lib_z_deflate__gzread__gzwrite__inflate=yes
ac_cv_objext=o
ac_cv_path_EGREP='/bin/grep -E'
ac_cv_path_FGREP='/bin/grep -F'
ac_cv_path_GREP=/bin/grep
ac_cv_path_JAVA=/usr/bin/java
ac_cv_path_JAVAC=/usr/bin/javac
ac_cv_path_JAVAH=/usr/lib/jvm/java-8-openjdk-amd64/bin/javah
ac_cv_path_MVN=/usr/bin/mvn
ac_cv_path_PYTHON=/usr/bin/python
ac_cv_path_SED=/bin/sed
ac_cv_path_install='/usr/bin/install -c'
ac_cv_path_lt_DD=/bin/dd
ac_cv_path_mkdir=/bin/mkdir
ac_cv_prog_AWK=mawk
ac_cv_prog_CPP='gcc -E'
ac_cv_prog_CXXCPP='g++ -E'
ac_cv_prog_ac_ct_AR=ar
ac_cv_prog_ac_ct_CC=gcc
ac_cv_prog_ac_ct_CXX=g++
ac_cv_prog_ac_ct_MANIFEST_TOOL=mt
ac_cv_prog_ac_ct_OBJDUMP=objdump
ac_cv_prog_ac_ct_PATCHCOMMAND_TEST=patch
ac_cv_prog_ac_ct_RANLIB=ranlib
ac_cv_prog_ac_ct_STRIP=strip
ac_cv_prog_cc_c89=
ac_cv_prog_cc_g=yes
ac_cv_prog_cxx_g=yes
ac_cv_prog_make_make_set=yes
ac_cv_search_fts_close='none required'
ac_cv_target=x86_64-pc-linux-gnu
am_cv_CC_dependencies_compiler_type=gcc3
am_cv_CXX_dependencies_compiler_type=gcc3
am_cv_ar_interface=ar
am_cv_make_support_nested_variables=yes
am_cv_prog_cc_c_o=yes
am_cv_prog_tar_pax=gnutar
am_cv_python_platform=linux2
am_cv_python_pyexecdir='${exec_prefix}/lib/python2.7/dist-packages'
am_cv_python_pythondir='${prefix}/lib/python2.7/dist-packages'
am_cv_python_version=2.7
ax_cv_PTHREAD_PRIO_INHERIT=yes
ax_cv_check_cxxflags___fstack_protector_strong=yes
ax_cv_cxx_compile_cxx11=yes
ax_cv_cxx_compile_cxx11__std_cpp11=yes
ax_cv_cxx_compiler_vendor=gnu
ax_cv_cxx_compiler_version=7.4.0
lt_cv_ar_at_file=@
lt_cv_archive_cmds_need_lc=no
lt_cv_deplibs_check_method=pass_all
lt_cv_file_magic_cmd='$MAGIC_CMD'
lt_cv_file_magic_test_file=
lt_cv_ld_reload_flag=-r
lt_cv_nm_interface='BSD nm'
lt_cv_objdir=.libs
lt_cv_path_LD=/usr/bin/ld
lt_cv_path_LDCXX='/usr/bin/ld -m elf_x86_64'
lt_cv_path_NM='/usr/bin/nm -B'
lt_cv_path_mainfest_tool=no
lt_cv_prog_compiler_c_o=yes
lt_cv_prog_compiler_c_o_CXX=yes
lt_cv_prog_compiler_pic='-fPIC -DPIC'
lt_cv_prog_compiler_pic_CXX='-fPIC -DPIC'
lt_cv_prog_compiler_pic_works=yes
lt_cv_prog_compiler_pic_works_CXX=yes
lt_cv_prog_compiler_rtti_exceptions=no
lt_cv_prog_compiler_static_works=yes
lt_cv_prog_compiler_static_works_CXX=yes
lt_cv_prog_gnu_ld=yes
lt_cv_prog_gnu_ldcxx=yes
lt_cv_sharedlib_from_linklib_cmd='printf %s\n'
lt_cv_shlibpath_overrides_runpath=yes
lt_cv_sys_global_symbol_pipe='sed -n -e '\''s/^.*[	 ]\([ABCDGIRSTW][ABCDGIRSTW]*\)[	 ][	 ]*\([_A-Za-z][_A-Za-z0-9]*\)$/\1 \2 \2/p'\'' | sed '\''/ __gnu_lto/d'\'''
lt_cv_sys_global_symbol_to_c_name_address='sed -n -e '\''s/^: \(.*\) .*$/  {"\1", (void *) 0},/p'\'' -e '\''s/^[ABCDGIRSTW][ABCDGIRSTW]* .* \(.*\)$/  {"\1", (void *) \&\1},/p'\'''
lt_cv_sys_global_symbol_to_c_name_address_lib_prefix='sed -n -e '\''s/^: \(.*\) .*$/  {"\1", (void *) 0},/p'\'' -e '\''s/^[ABCDGIRSTW][ABCDGIRSTW]* .* \(lib.*\)$/  {"\1", (void *) \&\1},/p'\'' -e '\''s/^[ABCDGIRSTW][ABCDGIRSTW]* .* \(.*\)$/  {"lib\1", (void *) \&\1},/p'\'''
lt_cv_sys_global_symbol_to_cdecl='sed -n -e '\''s/^T .* \(.*\)$/extern int \1();/p'\'' -e '\''s/^[ABCDGIRSTW][ABCDGIRSTW]* .* \(.*\)$/extern char \1;/p'\'''
lt_cv_sys_global_symbol_to_import=
lt_cv_sys_max_cmd_len=1572864
lt_cv_to_host_file_cmd=func_convert_file_noop
lt_cv_to_tool_file_cmd=func_convert_file_noop
lt_cv_truncate_bin='/bin/dd bs=4096 count=1'

## ----------------- ##
## Output variables. ##
## ----------------- ##

ACLOCAL='${SHELL} /home/hanshenriksande/Master/mesos/missing aclocal-1.15'
AMDEPBACKSLASH='\'
AMDEP_FALSE='#'
AMDEP_TRUE=''
AMTAR='$${TAR-tar}'
AM_BACKSLASH='\'
AM_DEFAULT_V='$(AM_DEFAULT_VERBOSITY)'
AM_DEFAULT_VERBOSITY='1'
AM_V='$(V)'
AR='ar'
AUTOCONF='${SHELL} /home/hanshenriksande/Master/mesos/missing autoconf'
AUTOHEADER='${SHELL} /home/hanshenriksande/Master/mesos/missing autoheader'
AUTOMAKE='${SHELL} /home/hanshenriksande/Master/mesos/missing automake-1.15'
AWK='mawk'
CC='gcc'
CCDEPMODE='depmode=gcc3'
CFLAGS='-g1 -O0 -Wno-unused-local-typedefs'
CONFIGURE_ARGS=' CXXFLAGS='\''-g1 -O0 -Wno-unused-local-typedefs -std=c++11'\'''
CPP='gcc -E'
CPPFLAGS='-I/usr/include/subversion-1 -I/usr/include/apr-1 -I/usr/include/apr-1.0	      '
CXX='g++'
CXXCPP='g++ -E'
CXXDEPMODE='depmode=gcc3'
CXXFLAGS='-g1 -O0 -Wno-unused-local-typedefs -std=c++11'
CYGPATH_W='echo'
DEBUG_FALSE=''
DEBUG_TRUE='#'
DEFINE_BUILD_GIT_BRANCH=''
DEFINE_BUILD_GIT_SHA=''
DEFINE_BUILD_GIT_TAG=''
DEFS='-DPACKAGE_NAME=\"mesos\" -DPACKAGE_TARNAME=\"mesos\" -DPACKAGE_VERSION=\"1.10.0\" -DPACKAGE_STRING=\"mesos\ 1.10.0\" -DPACKAGE_BUGREPORT=\"\" -DPACKAGE_URL=\"\" -DPACKAGE=\"mesos\" -DVERSION=\"1.10.0\" -DSTDC_HEADERS=1 -DHAVE_SYS_TYPES_H=1 -DHAVE_SYS_STAT_H=1 -DHAVE_STDLIB_H=1 -DHAVE_STRING_H=1 -DHAVE_MEMORY_H=1 -DHAVE_STRINGS_H=1 -DHAVE_INTTYPES_H=1 -DHAVE_STDINT_H=1 -DHAVE_UNISTD_H=1 -DHAVE_DLFCN_H=1 -DLT_OBJDIR=\".libs/\" -DHAVE_CXX11=1 -DHAVE_PTHREAD_PRIO_INHERIT=1 -DHAVE_PTHREAD=1 -DHAVE_OPENSSL_SSL_H=1 -DHAVE_FTS_H=1 -DHAVE_APR_POOLS_H=1 -DHAVE_LIBAPR_1=1 -DHAVE_LIBCURL=1 -DMESOS_HAS_JAVA=1 -DHAVE_LIBSASL2=1 -DHAVE_SVN_VERSION_H=1 -DHAVE_LIBSVN_SUBR_1=1 -DHAVE_SVN_DELTA_H=1 -DHAVE_LIBSVN_DELTA_1=1 -DHAVE_ZLIB_H=1 -DHAVE_LIBZ=1 -DHAVE_PYTHON=\"2.7\" -DMESOS_HAS_PYTHON=1'
DEPDIR='.deps'
DISABLE_LIBTOOL_WRAPPERS_FALSE=''
DISABLE_LIBTOOL_WRAPPERS_TRUE='#'
DLLTOOL='false'
DSYMUTIL=''
DUMPBIN=''
ECHO_C=''
ECHO_N='-n'
ECHO_T=''
EGREP='/bin/grep -E'
ENABLE_HARDENING_FALSE='#'
ENABLE_HARDENING_TRUE=''
ENABLE_JEMALLOC_ALLOCATOR_FALSE=''
ENABLE_JEMALLOC_ALLOCATOR_TRUE='#'
ENABLE_LAUNCHER_SEALING_FALSE=''
ENABLE_LAUNCHER_SEALING_TRUE='#'
ENABLE_LIBEVENT_FALSE=''
ENABLE_LIBEVENT_TRUE='#'
ENABLE_LINUX_ROUTING_FALSE=''
ENABLE_LINUX_ROUTING_TRUE='#'
ENABLE_NETWORK_PORTS_ISOLATOR_FALSE=''
ENABLE_NETWORK_PORTS_ISOLATOR_TRUE='#'
ENABLE_NEW_CLI_FALSE=''
ENABLE_NEW_CLI_TRUE='#'
ENABLE_PORT_MAPPING_ISOLATOR_FALSE=''
ENABLE_PORT_MAPPING_ISOLATOR_TRUE='#'
ENABLE_PYTHON_DEPENDENCY_INSTALL_FALSE='#'
ENABLE_PYTHON_DEPENDENCY_INSTALL_TRUE=''
ENABLE_SECCOMP_ISOLATOR_FALSE=''
ENABLE_SECCOMP_ISOLATOR_TRUE='#'
ENABLE_SSL_FALSE=''
ENABLE_SSL_TRUE='#'
ENABLE_STATIC_LIBPROCESS_FALSE='#'
ENABLE_STATIC_LIBPROCESS_TRUE=''
ENABLE_XFS_DISK_ISOLATOR_FALSE=''
ENABLE_XFS_DISK_ISOLATOR_TRUE='#'
EXEEXT=''
FGREP='/bin/grep -F'
GMOCKSRC='gmock-all.cc'
GREP='/bin/grep'
GRPC_CXX_PLUGIN=''
GRPC_CXX_PLUGIN_TEST=''
GTESTSRC='gtest-all.cc'
HAS_GPERFTOOLS_FALSE=''
HAS_GPERFTOOLS_TRUE='#'
HAS_JAVAH_FALSE='#'
HAS_JAVAH_TRUE=''
HAS_JAVA_FALSE='#'
HAS_JAVA_TRUE=''
HAS_PYTHON_FALSE='#'
HAS_PYTHON_TRUE=''
HAVE_CXX11='1'
INSTALL_DATA='${INSTALL} -m 644'
INSTALL_MODULE_DEPENDENCIES_FALSE=''
INSTALL_MODULE_DEPENDENCIES_TRUE='#'
INSTALL_PROGRAM='${INSTALL}'
INSTALL_SCRIPT='${INSTALL}'
INSTALL_STRIP_PROGRAM='$(install_sh) -c -s'
INSTALL_TESTS_FALSE=''
INSTALL_TESTS_TRUE='#'
JAVA='/usr/bin/java'
JAVAC='/usr/bin/javac'
JAVAH='/usr/lib/jvm/java-8-openjdk-amd64/bin/javah'
JAVA_CPPFLAGS='-I/usr/lib/jvm/java-8-openjdk-amd64/include -I/usr/lib/jvm/java-8-openjdk-amd64/include/linux'
JAVA_HOME='/usr/lib/jvm/java-8-openjdk-amd64'
JAVA_JVM_LIBRARY='/usr/lib/jvm/java-8-openjdk-amd64/jre/lib/amd64/server/libjvm.so'
LD='/usr/bin/ld -m elf_x86_64'
LDFLAGS=''
LIBOBJS=''
LIBS='-lz -lsvn_delta-1 -lsvn_subr-1 -lsasl2 -lcurl -lapr-1  -lrt'
LIBTOOL='$(SHELL) $(top_builddir)/libtool'
LINKGTEST_FALSE=''
LINKGTEST_TRUE='#'
LIPO=''
LN_S='ln -s'
LTLIBOBJS=''
LT_SYS_LIBRARY_PATH=''
MAINT=''
MAINTAINER_MODE_FALSE='#'
MAINTAINER_MODE_TRUE=''
MAKEINFO='${SHELL} /home/hanshenriksande/Master/mesos/missing makeinfo'
MANIFEST_TOOL=':'
MAVEN_HOME=''
MESOS_MAJOR_VERSION='1'
MESOS_MINOR_VERSION='10'
MESOS_PATCH_VERSION='0'
MKDIR_P='/bin/mkdir -p'
MODULE_CFLAGS=''
MODULE_LDFLAGS=''
MVN='/usr/bin/mvn'
NM='/usr/bin/nm -B'
NMEDIT=''
OBJDUMP='objdump'
OBJEXT='o'
OPTIMIZE_FALSE=''
OPTIMIZE_TRUE='#'
OS_FREEBSD_FALSE=''
OS_FREEBSD_TRUE='#'
OS_LINUX_FALSE='#'
OS_LINUX_TRUE=''
OTOOL64=''
OTOOL=''
PACKAGE='mesos'
PACKAGE_BUGREPORT=''
PACKAGE_NAME='mesos'
PACKAGE_STRING='mesos 1.10.0'
PACKAGE_TARNAME='mesos'
PACKAGE_URL=''
PACKAGE_VERSION='1.10.0'
PATCHCOMMAND_TEST='patch'
PATH_SEPARATOR=':'
PROTOBUF_CPPFLAGS=''
PROTOBUF_JAR='${MESOS_BUILD_DIR}/src/java/target/protobuf-java-3.5.0.jar'
PROTOBUF_LINKERFLAGS=''
PROTOBUF_PROTOCFLAGS=''
PROTOCOMPILER=''
PROTOCOMPILER_TEST=''
PTHREAD_CC='gcc'
PTHREAD_CFLAGS='-pthread'
PTHREAD_LIBS=''
PYTHON='/usr/bin/python'
PYTHON_3=''
PYTHON_CFLAGS='-g1 -O0 -Wno-unused-local-typedefs -g1 -O0 -Wno-unused-local-typedefs -std=c++11'
PYTHON_CPPFLAGS='-I/usr/include/subversion-1 -I/usr/include/apr-1 -I/usr/include/apr-1.0	      '
PYTHON_EGG_POSTFIX='-py2.7-linux-x86_64'
PYTHON_EGG_PUREPY_POSTFIX='-py2.7'
PYTHON_EXEC_PREFIX='${exec_prefix}'
PYTHON_EXTRA_LDFLAGS='-Xlinker -export-dynamic -Wl,-O1 -Wl,-Bsymbolic-functions'
PYTHON_EXTRA_LIBS='-lpthread -ldl  -lutil -lm'
PYTHON_LDFLAGS=' '
PYTHON_PLATFORM='linux2'
PYTHON_PREFIX='${prefix}'
PYTHON_SITE_PKG='/usr/lib/python2.7/dist-packages'
PYTHON_VERSION='2.7'
PYTHON_WHL_POSTFIX='-cp27-none-linux_x86_64'
PYTHON_WHL_PUREPY_POSTFIX='-py2-none-any'
RANLIB='ranlib'
SED='/bin/sed'
SET_MAKE=''
SHELL='/bin/bash'
SSL_CPPFLAGS=''
SSL_LINKERFLAGS=''
STACK_PROTECTOR='-fstack-protector-strong'
STANDALONE_LIBPROCESS_FALSE=''
STANDALONE_LIBPROCESS_TRUE='#'
STANDALONE_STOUT_FALSE=''
STANDALONE_STOUT_TRUE='#'
STRIP='strip'
TEST_DRIVER='${abs_top_srcdir}/support/mesos-gtest-runner.py --sequential=*ROOT_*'
VERSION='1.10.0'
WERROR='-Werror'
WITH_BUNDLED_BOOST_FALSE='#'
WITH_BUNDLED_BOOST_TRUE=''
WITH_BUNDLED_CONCURRENTQUEUE_FALSE='#'
WITH_BUNDLED_CONCURRENTQUEUE_TRUE=''
WITH_BUNDLED_ELFIO_FALSE='#'
WITH_BUNDLED_ELFIO_TRUE=''
WITH_BUNDLED_GLOG_FALSE='#'
WITH_BUNDLED_GLOG_TRUE=''
WITH_BUNDLED_GMOCK_FALSE='#'
WITH_BUNDLED_GMOCK_TRUE=''
WITH_BUNDLED_GRPC_FALSE='#'
WITH_BUNDLED_GRPC_TRUE=''
WITH_BUNDLED_HTTP_PARSER_FALSE='#'
WITH_BUNDLED_HTTP_PARSER_TRUE=''
WITH_BUNDLED_JEMALLOC_FALSE=''
WITH_BUNDLED_JEMALLOC_TRUE='#'
WITH_BUNDLED_LEVELDB_FALSE='#'
WITH_BUNDLED_LEVELDB_TRUE=''
WITH_BUNDLED_LIBARCHIVE_FALSE='#'
WITH_BUNDLED_LIBARCHIVE_TRUE=''
WITH_BUNDLED_LIBEVENT_FALSE=''
WITH_BUNDLED_LIBEVENT_TRUE='#'
WITH_BUNDLED_LIBEV_FALSE='#'
WITH_BUNDLED_LIBEV_TRUE=''
WITH_BUNDLED_LIBPROCESS_FALSE='#'
WITH_BUNDLED_LIBPROCESS_TRUE=''
WITH_BUNDLED_LIBSECCOMP_FALSE=''
WITH_BUNDLED_LIBSECCOMP_TRUE='#'
WITH_BUNDLED_NVML_FALSE='#'
WITH_BUNDLED_NVML_TRUE=''
WITH_BUNDLED_PICOJSON_FALSE='#'
WITH_BUNDLED_PICOJSON_TRUE=''
WITH_BUNDLED_PIP_FALSE='#'
WITH_BUNDLED_PIP_TRUE=''
WITH_BUNDLED_PROTOBUF_FALSE='#'
WITH_BUNDLED_PROTOBUF_TRUE=''
WITH_BUNDLED_RAPIDJSON_FALSE='#'
WITH_BUNDLED_RAPIDJSON_TRUE=''
WITH_BUNDLED_SETUPTOOLS_FALSE='#'
WITH_BUNDLED_SETUPTOOLS_TRUE=''
WITH_BUNDLED_STOUT_FALSE='#'
WITH_BUNDLED_STOUT_TRUE=''
WITH_BUNDLED_WHEEL_FALSE='#'
WITH_BUNDLED_WHEEL_TRUE=''
WITH_BUNDLED_ZOOKEEPER_FALSE='#'
WITH_BUNDLED_ZOOKEEPER_TRUE=''
WITH_JEMALLOC=''
ZLIB_CPPFLAGS=''
ZLIB_LINKERFLAGS=''
ac_ct_AR='ar'
ac_ct_CC='gcc'
ac_ct_CXX='g++'
ac_ct_DUMPBIN=''
am__EXEEXT_FALSE=''
am__EXEEXT_TRUE='#'
am__fastdepCC_FALSE='#'
am__fastdepCC_TRUE=''
am__fastdepCXX_FALSE='#'
am__fastdepCXX_TRUE=''
am__include='include'
am__isrc=' -I$(srcdir)'
am__leading_dot='.'
am__nodep='_no'
am__quote=''
am__tar='tar --format=posix -chf - "$$tardir"'
am__untar='tar -xf -'
ax_pthread_config=''
bindir='${exec_prefix}/bin'
build='x86_64-pc-linux-gnu'
build_alias=''
build_cpu='x86_64'
build_os='linux-gnu'
build_vendor='pc'
datadir='${datarootdir}'
datarootdir='${prefix}/share'
docdir='${datarootdir}/doc/${PACKAGE_TARNAME}'
dvidir='${docdir}'
exec_prefix='${prefix}'
host='x86_64-pc-linux-gnu'
host_alias=''
host_cpu='x86_64'
host_os='linux-gnu'
host_vendor='pc'
htmldir='${docdir}'
includedir='${prefix}/include'
infodir='${datarootdir}/info'
install_sh='${SHELL} /home/hanshenriksande/Master/mesos/install-sh'
libdir='${exec_prefix}/lib'
libexecdir='${exec_prefix}/libexec'
localedir='${datarootdir}/locale'
localstatedir='${prefix}/var'
mandir='${datarootdir}/man'
mkdir_p='$(MKDIR_P)'
oldincludedir='/usr/include'
pdfdir='${docdir}'
pkgpyexecdir='${pyexecdir}/mesos'
pkgpythondir='${pythondir}/mesos'
prefix='/usr/local'
program_transform_name='s,x,x,'
psdir='${docdir}'
pyexecdir='${exec_prefix}/lib/python2.7/dist-packages'
pythondir='${prefix}/lib/python2.7/dist-packages'
runstatedir='${localstatedir}/run'
sbindir='${exec_prefix}/sbin'
sharedstatedir='${prefix}/com'
sysconfdir='${prefix}/etc'
target='x86_64-pc-linux-gnu'
target_alias=''
target_cpu='x86_64'
target_os='linux-gnu'
target_vendor='pc'
tox=''

## ----------- ##
## confdefs.h. ##
## ----------- ##

/* confdefs.h */
#define PACKAGE_NAME "mesos"
#define PACKAGE_TARNAME "mesos"
#define PACKAGE_VERSION "1.10.0"
#define PACKAGE_STRING "mesos 1.10.0"
#define PACKAGE_BUGREPORT ""
#define PACKAGE_URL ""
#define PACKAGE "mesos"
#define VERSION "1.10.0"
#define STDC_HEADERS 1
#define HAVE_SYS_TYPES_H 1
#define HAVE_SYS_STAT_H 1
#define HAVE_STDLIB_H 1
#define HAVE_STRING_H 1
#define HAVE_MEMORY_H 1
#define HAVE_STRINGS_H 1
#define HAVE_INTTYPES_H 1
#define HAVE_STDINT_H 1
#define HAVE_UNISTD_H 1
#define HAVE_DLFCN_H 1
#define LT_OBJDIR ".libs/"
#define HAVE_CXX11 1
#define HAVE_PTHREAD_PRIO_INHERIT 1
#define HAVE_PTHREAD 1
#define HAVE_OPENSSL_SSL_H 1
#define HAVE_FTS_H 1
#define HAVE_APR_POOLS_H 1
#define HAVE_LIBAPR_1 1
#define HAVE_LIBCURL 1
#define MESOS_HAS_JAVA 1
#define HAVE_LIBSASL2 1
#define HAVE_SVN_VERSION_H 1
#define HAVE_LIBSVN_SUBR_1 1
#define HAVE_SVN_DELTA_H 1
#define HAVE_LIBSVN_DELTA_1 1
#define HAVE_ZLIB_H 1
#define HAVE_LIBZ 1
#define HAVE_PYTHON "2.7"
#define MESOS_HAS_PYTHON 1

configure: exit 0

## ---------------------- ##
## Running config.status. ##
## ---------------------- ##

This file was extended by mesos config.status 1.10.0, which was
generated by GNU Autoconf 2.69.  Invocation command line was

  CONFIG_FILES    = 
  CONFIG_HEADERS  = 
  CONFIG_LINKS    = 
  CONFIG_COMMANDS = 
  $ ./config.status 3rdparty/gmock_sources.cc

on hanshenriksande-iMac

config.status:1313: creating 3rdparty/gmock_sources.cc
